<?xml version="1.0" encoding="UTF-8"?>
<coverage generated="1682457455493" clover="3.2.0">
  <project timestamp="1682457455493" name="All files">
    <metrics statements="73" coveredstatements="66" conditionals="10" coveredconditionals="10" methods="35" coveredmethods="30" elements="118" coveredelements="106" complexity="0" loc="73" ncloc="73" packages="19" files="23" classes="23"/>
    <package name="src">
      <metrics statements="3" coveredstatements="1" conditionals="0" coveredconditionals="0" methods="1" coveredmethods="1"/>
      <file name="index.js" path="C:\Users\muriel.daher.GTC-N-799\Desktop\Projetos\Estudos\Teste-de-integração\bytebank-v2\src\index.js">
        <metrics statements="2" coveredstatements="0" conditionals="0" coveredconditionals="0" methods="0" coveredmethods="0"/>
        <line num="7" count="0" type="stmt"/>
        <line num="8" count="0" type="stmt"/>
      </file>
      <file name="routes.js" path="C:\Users\muriel.daher.GTC-N-799\Desktop\Projetos\Estudos\Teste-de-integração\bytebank-v2\src\routes.js">
        <metrics statements="1" coveredstatements="1" conditionals="0" coveredconditionals="0" methods="1" coveredmethods="1"/>
        <line num="9" count="3" type="stmt"/>
      </file>
    </package>
    <package name="src.componentes.Cabecalho">
      <metrics statements="1" coveredstatements="1" conditionals="0" coveredconditionals="0" methods="1" coveredmethods="1"/>
      <file name="index.jsx" path="C:\Users\muriel.daher.GTC-N-799\Desktop\Projetos\Estudos\Teste-de-integração\bytebank-v2\src\componentes\Cabecalho\index.jsx">
        <metrics statements="1" coveredstatements="1" conditionals="0" coveredconditionals="0" methods="1" coveredmethods="1"/>
        <line num="7" count="10" type="stmt"/>
      </file>
    </package>
    <package name="src.componentes.Cartoes">
      <metrics statements="1" coveredstatements="1" conditionals="0" coveredconditionals="0" methods="1" coveredmethods="1"/>
      <file name="index.jsx" path="C:\Users\muriel.daher.GTC-N-799\Desktop\Projetos\Estudos\Teste-de-integração\bytebank-v2\src\componentes\Cartoes\index.jsx">
        <metrics statements="1" coveredstatements="1" conditionals="0" coveredconditionals="0" methods="1" coveredmethods="1"/>
        <line num="7" count="3" type="stmt"/>
      </file>
    </package>
    <package name="src.componentes.Extrato">
      <metrics statements="2" coveredstatements="2" conditionals="0" coveredconditionals="0" methods="2" coveredmethods="2"/>
      <file name="index.jsx" path="C:\Users\muriel.daher.GTC-N-799\Desktop\Projetos\Estudos\Teste-de-integração\bytebank-v2\src\componentes\Extrato\index.jsx">
        <metrics statements="2" coveredstatements="2" conditionals="0" coveredconditionals="0" methods="2" coveredmethods="2"/>
        <line num="6" count="10" type="stmt"/>
        <line num="11" count="2" type="stmt"/>
      </file>
    </package>
    <package name="src.componentes.Extrato.Transacoes">
      <metrics statements="1" coveredstatements="1" conditionals="2" coveredconditionals="2" methods="1" coveredmethods="1"/>
      <file name="index.jsx" path="C:\Users\muriel.daher.GTC-N-799\Desktop\Projetos\Estudos\Teste-de-integração\bytebank-v2\src\componentes\Extrato\Transacoes\index.jsx">
        <metrics statements="1" coveredstatements="1" conditionals="2" coveredconditionals="2" methods="1" coveredmethods="1"/>
        <line num="4" count="4" type="stmt"/>
      </file>
    </package>
    <package name="src.componentes.Investimentos">
      <metrics statements="1" coveredstatements="1" conditionals="0" coveredconditionals="0" methods="1" coveredmethods="1"/>
      <file name="index.jsx" path="C:\Users\muriel.daher.GTC-N-799\Desktop\Projetos\Estudos\Teste-de-integração\bytebank-v2\src\componentes\Investimentos\index.jsx">
        <metrics statements="1" coveredstatements="1" conditionals="0" coveredconditionals="0" methods="1" coveredmethods="1"/>
        <line num="7" count="1" type="stmt"/>
      </file>
    </package>
    <package name="src.componentes.Investimentos.Box">
      <metrics statements="1" coveredstatements="1" conditionals="0" coveredconditionals="0" methods="1" coveredmethods="1"/>
      <file name="index.jsx" path="C:\Users\muriel.daher.GTC-N-799\Desktop\Projetos\Estudos\Teste-de-integração\bytebank-v2\src\componentes\Investimentos\Box\index.jsx">
        <metrics statements="1" coveredstatements="1" conditionals="0" coveredconditionals="0" methods="1" coveredmethods="1"/>
        <line num="4" count="2" type="stmt"/>
      </file>
    </package>
    <package name="src.componentes.Menu">
      <metrics statements="3" coveredstatements="3" conditionals="4" coveredconditionals="4" methods="2" coveredmethods="2"/>
      <file name="index.jsx" path="C:\Users\muriel.daher.GTC-N-799\Desktop\Projetos\Estudos\Teste-de-integração\bytebank-v2\src\componentes\Menu\index.jsx">
        <metrics statements="3" coveredstatements="3" conditionals="4" coveredconditionals="4" methods="2" coveredmethods="2"/>
        <line num="5" count="3" type="stmt"/>
        <line num="13" count="13" type="stmt"/>
        <line num="16" count="52" type="stmt"/>
      </file>
    </package>
    <package name="src.componentes.Principal">
      <metrics statements="4" coveredstatements="4" conditionals="0" coveredconditionals="0" methods="1" coveredmethods="1"/>
      <file name="index.jsx" path="C:\Users\muriel.daher.GTC-N-799\Desktop\Projetos\Estudos\Teste-de-integração\bytebank-v2\src\componentes\Principal\index.jsx">
        <metrics statements="4" coveredstatements="4" conditionals="0" coveredconditionals="0" methods="1" coveredmethods="1"/>
        <line num="6" count="2" type="stmt"/>
        <line num="7" count="2" type="stmt"/>
        <line num="8" count="2" type="stmt"/>
        <line num="19" count="9" type="stmt"/>
      </file>
    </package>
    <package name="src.componentes.Principal.Saldo">
      <metrics statements="1" coveredstatements="1" conditionals="0" coveredconditionals="0" methods="1" coveredmethods="1"/>
      <file name="index.jsx" path="C:\Users\muriel.daher.GTC-N-799\Desktop\Projetos\Estudos\Teste-de-integração\bytebank-v2\src\componentes\Principal\Saldo\index.jsx">
        <metrics statements="1" coveredstatements="1" conditionals="0" coveredconditionals="0" methods="1" coveredmethods="1"/>
        <line num="6" count="10" type="stmt"/>
      </file>
    </package>
    <package name="src.componentes.Servicos">
      <metrics statements="2" coveredstatements="0" conditionals="0" coveredconditionals="0" methods="2" coveredmethods="0"/>
      <file name="index.jsx" path="C:\Users\muriel.daher.GTC-N-799\Desktop\Projetos\Estudos\Teste-de-integração\bytebank-v2\src\componentes\Servicos\index.jsx">
        <metrics statements="2" coveredstatements="0" conditionals="0" coveredconditionals="0" methods="2" coveredmethods="0"/>
        <line num="7" count="0" type="stmt"/>
        <line num="12" count="0" type="stmt"/>
      </file>
    </package>
    <package name="src.componentes.Servicos.Icone">
      <metrics statements="1" coveredstatements="0" conditionals="0" coveredconditionals="0" methods="1" coveredmethods="0"/>
      <file name="index.jsx" path="C:\Users\muriel.daher.GTC-N-799\Desktop\Projetos\Estudos\Teste-de-integração\bytebank-v2\src\componentes\Servicos\Icone\index.jsx">
        <metrics statements="1" coveredstatements="0" conditionals="0" coveredconditionals="0" methods="1" coveredmethods="0"/>
        <line num="4" count="0" type="stmt"/>
      </file>
    </package>
    <package name="src.componentes.Transacao">
      <metrics statements="1" coveredstatements="1" conditionals="0" coveredconditionals="0" methods="1" coveredmethods="1"/>
      <file name="index.jsx" path="C:\Users\muriel.daher.GTC-N-799\Desktop\Projetos\Estudos\Teste-de-integração\bytebank-v2\src\componentes\Transacao\index.jsx">
        <metrics statements="1" coveredstatements="1" conditionals="0" coveredconditionals="0" methods="1" coveredmethods="1"/>
        <line num="7" count="4" type="stmt"/>
      </file>
    </package>
    <package name="src.componentes.Transacao.Formulario">
      <metrics statements="10" coveredstatements="10" conditionals="0" coveredconditionals="0" methods="3" coveredmethods="3"/>
      <file name="index.jsx" path="C:\Users\muriel.daher.GTC-N-799\Desktop\Projetos\Estudos\Teste-de-integração\bytebank-v2\src\componentes\Transacao\Formulario\index.jsx">
        <metrics statements="10" coveredstatements="10" conditionals="0" coveredconditionals="0" methods="3" coveredmethods="3"/>
        <line num="5" count="15" type="stmt"/>
        <line num="8" count="6" type="stmt"/>
        <line num="9" count="6" type="stmt"/>
        <line num="10" count="6" type="stmt"/>
        <line num="14" count="2" type="stmt"/>
        <line num="15" count="2" type="stmt"/>
        <line num="16" count="2" type="stmt"/>
        <line num="19" count="2" type="stmt"/>
        <line num="24" count="2" type="stmt"/>
        <line num="27" count="15" type="stmt"/>
      </file>
    </package>
    <package name="src.hooks">
      <metrics statements="11" coveredstatements="11" conditionals="0" coveredconditionals="0" methods="6" coveredmethods="6"/>
      <file name="useListaTransacoes.js" path="C:\Users\muriel.daher.GTC-N-799\Desktop\Projetos\Estudos\Teste-de-integração\bytebank-v2\src\hooks\useListaTransacoes.js">
        <metrics statements="6" coveredstatements="6" conditionals="0" coveredconditionals="0" methods="3" coveredmethods="3"/>
        <line num="5" count="11" type="stmt"/>
        <line num="8" count="7" type="stmt"/>
        <line num="9" count="1" type="stmt"/>
        <line num="12" count="11" type="stmt"/>
        <line num="13" count="7" type="stmt"/>
        <line num="16" count="11" type="stmt"/>
      </file>
      <file name="useSaldo.js" path="C:\Users\muriel.daher.GTC-N-799\Desktop\Projetos\Estudos\Teste-de-integração\bytebank-v2\src\hooks\useSaldo.js">
        <metrics statements="5" coveredstatements="5" conditionals="0" coveredconditionals="0" methods="3" coveredmethods="3"/>
        <line num="5" count="12" type="stmt"/>
        <line num="8" count="9" type="stmt"/>
        <line num="11" count="12" type="stmt"/>
        <line num="12" count="9" type="stmt"/>
        <line num="15" count="12" type="stmt"/>
      </file>
    </package>
    <package name="src.paginas.Pagina404">
      <metrics statements="1" coveredstatements="1" conditionals="0" coveredconditionals="0" methods="1" coveredmethods="1"/>
      <file name="index.jsx" path="C:\Users\muriel.daher.GTC-N-799\Desktop\Projetos\Estudos\Teste-de-integração\bytebank-v2\src\paginas\Pagina404\index.jsx">
        <metrics statements="1" coveredstatements="1" conditionals="0" coveredconditionals="0" methods="1" coveredmethods="1"/>
        <line num="7" count="1" type="stmt"/>
      </file>
    </package>
    <package name="src.paginas.Principal">
      <metrics statements="9" coveredstatements="9" conditionals="2" coveredconditionals="2" methods="2" coveredmethods="2"/>
      <file name="App.js" path="C:\Users\muriel.daher.GTC-N-799\Desktop\Projetos\Estudos\Teste-de-integração\bytebank-v2\src\paginas\Principal\App.js">
        <metrics statements="9" coveredstatements="9" conditionals="2" coveredconditionals="2" methods="2" coveredmethods="2"/>
        <line num="16" count="9" type="stmt"/>
        <line num="17" count="9" type="stmt"/>
        <line num="18" count="9" type="stmt"/>
        <line num="21" count="1" type="stmt"/>
        <line num="22" count="1" type="stmt"/>
        <line num="23" count="1" type="stmt"/>
        <line num="24" count="1" type="stmt"/>
        <line num="25" count="1" type="stmt"/>
        <line num="28" count="9" type="stmt"/>
      </file>
    </package>
    <package name="src.services">
      <metrics statements="16" coveredstatements="14" conditionals="0" coveredconditionals="0" methods="6" coveredmethods="4"/>
      <file name="api.js" path="C:\Users\muriel.daher.GTC-N-799\Desktop\Projetos\Estudos\Teste-de-integração\bytebank-v2\src\services\api.js">
        <metrics statements="1" coveredstatements="1" conditionals="0" coveredconditionals="0" methods="0" coveredmethods="0"/>
        <line num="3" count="6" type="stmt"/>
      </file>
      <file name="saldo.js" path="C:\Users\muriel.daher.GTC-N-799\Desktop\Projetos\Estudos\Teste-de-integração\bytebank-v2\src\services\saldo.js">
        <metrics statements="7" coveredstatements="5" conditionals="0" coveredconditionals="0" methods="4" coveredmethods="2"/>
        <line num="4" count="9" type="stmt"/>
        <line num="5" count="9" type="stmt"/>
        <line num="6" count="1" type="stmt"/>
        <line num="8" count="1" type="stmt"/>
        <line num="13" count="1" type="stmt"/>
        <line num="15" count="0" type="stmt"/>
        <line num="16" count="0" type="stmt"/>
      </file>
      <file name="transacoes.js" path="C:\Users\muriel.daher.GTC-N-799\Desktop\Projetos\Estudos\Teste-de-integração\bytebank-v2\src\services\transacoes.js">
        <metrics statements="8" coveredstatements="8" conditionals="0" coveredconditionals="0" methods="2" coveredmethods="2"/>
        <line num="4" count="8" type="stmt"/>
        <line num="5" count="8" type="stmt"/>
        <line num="6" count="1" type="stmt"/>
        <line num="8" count="1" type="stmt"/>
        <line num="13" count="3" type="stmt"/>
        <line num="14" count="3" type="stmt"/>
        <line num="15" count="1" type="stmt"/>
        <line num="17" count="1" type="stmt"/>
      </file>
    </package>
    <package name="src.utils">
      <metrics statements="4" coveredstatements="4" conditionals="2" coveredconditionals="2" methods="1" coveredmethods="1"/>
      <file name="index.js" path="C:\Users\muriel.daher.GTC-N-799\Desktop\Projetos\Estudos\Teste-de-integração\bytebank-v2\src\utils\index.js">
        <metrics statements="4" coveredstatements="4" conditionals="2" coveredconditionals="2" methods="1" coveredmethods="1"/>
        <line num="1" count="3" type="stmt"/>
        <line num="2" count="3" type="cond" truecount="2" falsecount="0"/>
        <line num="3" count="2" type="stmt"/>
        <line num="5" count="1" type="stmt"/>
      </file>
    </package>
  </project>
</coverage>
