TN:
SF:src\index.js
FNF:0
FNH:0
DA:7,0
DA:8,0
LF:2
LH:0
BRF:0
BRH:0
end_of_record
TN:
SF:src\routes.js
FN:8,AppRoutes
FNF:1
FNH:1
FNDA:3,AppRoutes
DA:9,3
LF:1
LH:1
BRF:0
BRH:0
end_of_record
TN:
SF:src\componentes\Cabecalho\index.jsx
FN:6,Cabecalho
FNF:1
FNH:1
FNDA:10,Cabecalho
DA:7,10
LF:1
LH:1
BRF:0
BRH:0
end_of_record
TN:
SF:src\componentes\Cartoes\index.jsx
FN:6,Cartoes
FNF:1
FNH:1
FNDA:3,Cartoes
DA:7,3
LF:1
LH:1
BRF:0
BRH:0
end_of_record
TN:
SF:src\componentes\Extrato\index.jsx
FN:5,Extrato
FN:10,(anonymous_1)
FNF:2
FNH:2
FNDA:10,Extrato
FNDA:2,(anonymous_1)
DA:6,10
DA:11,2
LF:2
LH:2
BRF:0
BRH:0
end_of_record
TN:
SF:src\componentes\Extrato\Transacoes\index.jsx
FN:3,Transacoes
FNF:1
FNH:1
FNDA:4,Transacoes
DA:4,4
LF:1
LH:1
BRDA:11,0,0,1
BRDA:11,0,1,3
BRF:2
BRH:2
end_of_record
TN:
SF:src\componentes\Investimentos\index.jsx
FN:6,Investimentos
FNF:1
FNH:1
FNDA:1,Investimentos
DA:7,1
LF:1
LH:1
BRF:0
BRH:0
end_of_record
TN:
SF:src\componentes\Investimentos\Box\index.jsx
FN:3,Box
FNF:1
FNH:1
FNDA:2,Box
DA:4,2
LF:1
LH:1
BRF:0
BRH:0
end_of_record
TN:
SF:src\componentes\Menu\index.jsx
FN:12,Menu
FN:15,(anonymous_1)
FNF:2
FNH:2
FNDA:13,Menu
FNDA:52,(anonymous_1)
DA:5,3
DA:13,13
DA:16,52
LF:3
LH:3
BRDA:21,0,0,52
BRDA:21,0,1,9
BRDA:26,1,0,52
BRDA:26,1,1,39
BRF:4
BRH:4
end_of_record
TN:
SF:src\componentes\Principal\index.jsx
FN:18,Principal
FNF:1
FNH:1
FNDA:9,Principal
DA:6,2
DA:7,2
DA:8,2
DA:19,9
LF:4
LH:4
BRF:0
BRH:0
end_of_record
TN:
SF:src\componentes\Principal\Saldo\index.jsx
FN:5,Saldo
FNF:1
FNH:1
FNDA:10,Saldo
DA:6,10
LF:1
LH:1
BRF:0
BRH:0
end_of_record
TN:
SF:src\componentes\Servicos\index.jsx
FN:6,Servicos
FN:11,(anonymous_1)
FNF:2
FNH:0
FNDA:0,Servicos
FNDA:0,(anonymous_1)
DA:7,0
DA:12,0
LF:2
LH:0
BRF:0
BRH:0
end_of_record
TN:
SF:src\componentes\Servicos\Icone\index.jsx
FN:3,Icone
FNF:1
FNH:0
FNDA:0,Icone
DA:4,0
LF:1
LH:0
BRF:0
BRH:0
end_of_record
TN:
SF:src\componentes\Transacao\index.jsx
FN:6,Transacao
FNF:1
FNH:1
FNDA:4,Transacao
DA:7,4
LF:1
LH:1
BRF:0
BRH:0
end_of_record
TN:
SF:src\componentes\Transacao\Formulario\index.jsx
FN:4,Formulario
FN:7,handleChange
FN:13,handleSubmit
FNF:3
FNH:3
FNDA:15,Formulario
FNDA:6,handleChange
FNDA:2,handleSubmit
DA:5,15
DA:8,6
DA:9,6
DA:10,6
DA:14,2
DA:15,2
DA:16,2
DA:19,2
DA:24,2
DA:27,15
LF:10
LH:10
BRF:0
BRH:0
end_of_record
TN:
SF:src\hooks\useListaTransacoes.js
FN:4,useListaTransacoes
FN:7,listaTransacoes
FN:12,(anonymous_2)
FNF:3
FNH:3
FNDA:11,useListaTransacoes
FNDA:7,listaTransacoes
FNDA:7,(anonymous_2)
DA:5,11
DA:8,7
DA:9,1
DA:12,11
DA:13,7
DA:16,11
LF:6
LH:6
BRF:0
BRH:0
end_of_record
TN:
SF:src\hooks\useSaldo.js
FN:4,useSaldo
FN:7,obtemSaldo
FN:11,(anonymous_2)
FNF:3
FNH:3
FNDA:12,useSaldo
FNDA:9,obtemSaldo
FNDA:9,(anonymous_2)
DA:5,12
DA:8,9
DA:11,12
DA:12,9
DA:15,12
LF:5
LH:5
BRF:0
BRH:0
end_of_record
TN:
SF:src\paginas\Pagina404\index.jsx
FN:6,Pagina404
FNF:1
FNH:1
FNDA:1,Pagina404
DA:7,1
LF:1
LH:1
BRF:0
BRH:0
end_of_record
TN:
SF:src\paginas\Principal\App.js
FN:15,App
FN:20,realizarTransacao
FNF:2
FNH:2
FNDA:9,App
FNDA:1,realizarTransacao
DA:16,9
DA:17,9
DA:18,9
DA:21,1
DA:22,1
DA:23,1
DA:24,1
DA:25,1
DA:28,9
LF:9
LH:9
BRDA:35,0,0,9
BRDA:35,0,1,4
BRF:2
BRH:2
end_of_record
TN:
SF:src\services\api.js
FNF:0
FNH:0
DA:3,6
LF:1
LH:1
BRF:0
BRH:0
end_of_record
TN:
SF:src\services\saldo.js
FN:3,buscaSaldo
FN:12,atualizaSaldo
FN:15,(anonymous_2)
FN:16,(anonymous_3)
FNF:4
FNH:2
FNDA:9,buscaSaldo
FNDA:1,atualizaSaldo
FNDA:0,(anonymous_2)
FNDA:0,(anonymous_3)
DA:4,9
DA:5,9
DA:6,1
DA:8,1
DA:13,1
DA:15,0
DA:16,0
LF:7
LH:5
BRF:0
BRH:0
end_of_record
TN:
SF:src\services\transacoes.js
FN:3,buscaTransacoes
FN:12,salvaTransacao
FNF:2
FNH:2
FNDA:8,buscaTransacoes
FNDA:3,salvaTransacao
DA:4,8
DA:5,8
DA:6,1
DA:8,1
DA:13,3
DA:14,3
DA:15,1
DA:17,1
LF:8
LH:8
BRF:0
BRH:0
end_of_record
TN:
SF:src\utils\index.js
FN:1,(anonymous_0)
FNF:1
FNH:1
FNDA:3,(anonymous_0)
DA:1,3
DA:2,3
DA:3,2
DA:5,1
LF:4
LH:4
BRDA:2,0,0,2
BRDA:2,0,1,1
BRF:2
BRH:2
end_of_record
